2020.10.13 08:50:22 INFO  started: Metals version 0.9.4 in workspace '/mnt/d/Ubuntu/Code/coursera_Functional_Programming_in_Scala' for client vscode.
2020.10.13 08:50:23 INFO  time: initialize in 0.48s
2020.10.13 08:50:24 WARN  no build tool detected in workspace '/mnt/d/Ubuntu/Code/coursera_Functional_Programming_in_Scala'. The most common cause for this problem is that the editor was opened in the wrong working directory, for example if you use sbt then the workspace directory should contain build.sbt. 
2020.10.13 08:50:54 INFO  shutting down Metals
2020.10.27 10:08:22 INFO  started: Metals version 0.9.4 in workspace '/mnt/d/Ubuntu/Code/coursera_Functional_Programming_in_Scala' for client vscode.
2020.10.27 10:08:23 INFO  time: initialize in 1s
2020.10.27 10:08:25 WARN  no build tool detected in workspace '/mnt/d/Ubuntu/Code/coursera_Functional_Programming_in_Scala'. The most common cause for this problem is that the editor was opened in the wrong working directory, for example if you use sbt then the workspace directory should contain build.sbt. 
2020.10.27 10:09:45 INFO  shutting down Metals
2020.10.27 10:11:36 INFO  started: Metals version 0.9.4 in workspace '/mnt/d/Ubuntu/Code/coursera_Functional_Programming_in_Scala' for client vscode.
2020.10.27 10:11:37 INFO  time: initialize in 1.01s
2020.10.27 10:11:38 WARN  no build tool detected in workspace '/mnt/d/Ubuntu/Code/coursera_Functional_Programming_in_Scala'. The most common cause for this problem is that the editor was opened in the wrong working directory, for example if you use sbt then the workspace directory should contain build.sbt. 
2020.10.27 10:12:21 INFO  shutting down Metals
2020.11.01 18:04:27 INFO  started: Metals version 0.9.4 in workspace '/mnt/d/Ubuntu/Code/coursera_Functional_Programming_in_Scala' for client vscode.
2020.11.01 18:04:28 INFO  time: initialize in 1.04s
2020.11.01 18:04:30 WARN  no build tool detected in workspace '/mnt/d/Ubuntu/Code/coursera_Functional_Programming_in_Scala'. The most common cause for this problem is that the editor was opened in the wrong working directory, for example if you use sbt then the workspace directory should contain build.sbt. 
2020.11.01 18:05:06 INFO  shutting down Metals
2020.11.03 12:16:08 INFO  started: Metals version 0.9.4 in workspace '/mnt/d/Ubuntu/Code/coursera_Functional_Programming_in_Scala' for client vscode.
2020.11.03 12:16:08 INFO  time: initialize in 0.54s
2020.11.03 12:16:09 WARN  no build tool detected in workspace '/mnt/d/Ubuntu/Code/coursera_Functional_Programming_in_Scala'. The most common cause for this problem is that the editor was opened in the wrong working directory, for example if you use sbt then the workspace directory should contain build.sbt. 
2020.11.03 12:16:17 INFO  shutting down Metals
2020.11.08 19:55:04 INFO  started: Metals version 0.9.4 in workspace '/mnt/d/Ubuntu/Code/coursera_Functional_Programming_in_Scala' for client vscode.
2020.11.08 19:55:06 INFO  time: initialize in 1.26s
2020.11.08 19:55:08 WARN  no build tool detected in workspace '/mnt/d/Ubuntu/Code/coursera_Functional_Programming_in_Scala'. The most common cause for this problem is that the editor was opened in the wrong working directory, for example if you use sbt then the workspace directory should contain build.sbt. 
2020.11.08 19:55:27 INFO  shutting down Metals
2020.11.12 08:54:18 INFO  started: Metals version 0.9.4 in workspace '/mnt/d/Ubuntu/Code/coursera_Functional_Programming_in_Scala' for client vscode.
2020.11.12 08:54:18 INFO  time: initialize in 0.64s
2020.11.12 08:54:19 WARN  no build tool detected in workspace '/mnt/d/Ubuntu/Code/coursera_Functional_Programming_in_Scala'. The most common cause for this problem is that the editor was opened in the wrong working directory, for example if you use sbt then the workspace directory should contain build.sbt. 
2020.11.12 08:56:24 INFO  shutting down Metals
2020.11.15 20:05:27 INFO  Started: Metals version 0.9.5 in workspace '/mnt/d/Ubuntu/Code/coursera_Functional_Programming_in_Scala' for client vscode.
2020.11.15 20:05:28 INFO  time: initialize in 0.57s
2020.11.15 20:05:29 WARN  Build server is not auto-connectable.
2020.11.15 20:05:29 WARN  no build tool detected in workspace '/mnt/d/Ubuntu/Code/coursera_Functional_Programming_in_Scala'. The most common cause for this problem is that the editor was opened in the wrong working directory, for example if you use sbt then the workspace directory should contain build.sbt. 
2020.11.15 20:06:03 INFO  shutting down Metals
2020.12.02 15:48:19 INFO  started: Metals version 0.9.4 in workspace '/mnt/d/Ubuntu/Code/coursera_Functional_Programming_in_Scala' for client vscode.
2020.12.02 15:48:20 INFO  time: initialize in 1s
2020.12.02 15:48:22 WARN  no build tool detected in workspace '/mnt/d/Ubuntu/Code/coursera_Functional_Programming_in_Scala'. The most common cause for this problem is that the editor was opened in the wrong working directory, for example if you use sbt then the workspace directory should contain build.sbt. 
Dec 02, 2020 3:48:45 PM org.eclipse.lsp4j.jsonrpc.services.GenericEndpoint notify
INFO: Unsupported notification method: $/setTraceNotification
